<?xml version="1.0" encoding="UTF-8"?>
<testng-results skipped="0" failed="0" ignored="0" total="1" passed="1">
  <reporter-output>
    <line>
      <![CDATA[MyName]]>
    </line>
    <line>
      <![CDATA[Opening Browser]]>
    </line>
    <line>
      <![CDATA[Getting search tab]]>
    </line>
    <line>
      <![CDATA[Typing search value]]>
    </line>
  </reporter-output>
  <suite name="suite1" duration-ms="5299" started-at="2017-03-21T10:46:20Z" finished-at="2017-03-21T10:46:26Z">
    <groups>
    </groups>
    <test name="testCase" duration-ms="5299" started-at="2017-03-21T10:46:20Z" finished-at="2017-03-21T10:46:26Z">
      <class name="Project.maven.AppTest">
        <test-method status="PASS" signature="testCase()[pri:0, instance:Project.maven.AppTest@56f4468b]" name="testCase" duration-ms="5283" started-at="2017-03-21T16:16:20Z" finished-at="2017-03-21T16:16:26Z">
          <reporter-output>
            <line>
              <![CDATA[MyName]]>
            </line>
            <line>
              <![CDATA[Opening Browser]]>
            </line>
            <line>
              <![CDATA[Getting search tab]]>
            </line>
            <line>
              <![CDATA[Typing search value]]>
            </line>
          </reporter-output>
        </test-method> <!-- testCase -->
      </class> <!-- Project.maven.AppTest -->
    </test> <!-- testCase -->
  </suite> <!-- suite1 -->
</testng-results>
